<?xml version="1.0" encoding="UTF-8"?>
<!-- Generated by org.testng.reporters.JUnitReportReporter -->
<testsuite hostname="ojas-dl654" failures="0" tests="2" name="Loginpage.login_TC" time="19.431" errors="0" timestamp="2023-01-31T10:19:42 IST" skipped="0">
  <testcase classname="Loginpage.login_TC" name="Home" time="18.136"/>
  <system-out>
    <![CDATA[Entered URL success-Fully https://web-int.stg.voyaah.com/#/
Error in title extraction :Vooyah]]>
  </system-out>
  <testcase classname="Loginpage.login_TC" name="Staycations" time="1.295"/>
  <system-out/>
</testsuite> <!-- Loginpage.login_TC -->
