<?xml version="1.0" encoding="UTF-8"?>
<!-- Generated by org.testng.reporters.JUnitReportReporter -->
<testsuite hostname="ojas-dl654" failures="0" tests="2" name="Loginpage.HeadlessTest" time="39.736" errors="0" timestamp="2023-01-31T10:58:49 IST" skipped="0">
  <testcase classname="Loginpage.HeadlessTest" name="Home" time="38.465"/>
  <system-out>
    <![CDATA[Entered URL success-Fully https://web-int.stg.voyaah.com/#/
Error in title extraction :Vooyah]]>
  </system-out>
  <testcase classname="Loginpage.HeadlessTest" name="Staycations" time="1.271"/>
  <system-out/>
</testsuite> <!-- Loginpage.HeadlessTest -->
